
*** Running vivado
    with args -log multiCPU.vdi -applog -m64 -messageDb vivado.pb -mode batch -source multiCPU.tcl -notrace


****** Vivado v2015.4 (64-bit)
  **** SW Build 1412921 on Wed Nov 18 09:43:45 MST 2015
  **** IP Build 1412160 on Tue Nov 17 13:47:24 MST 2015
    ** Copyright 1986-2015 Xilinx, Inc. All Rights Reserved.

source multiCPU.tcl -notrace
Design is defaulting to srcset: sources_1
Design is defaulting to constrset: constrs_1
INFO: [Netlist 29-17] Analyzing 26 Unisim elements for replacement
INFO: [Netlist 29-28] Unisim Transformation completed in 0 CPU seconds
INFO: [Project 1-479] Netlist was created with Vivado 2015.4
INFO: [Device 21-403] Loading part xc7a35tcpg236-1
INFO: [Project 1-570] Preparing netlist for logic optimization
Parsing XDC File [G:/Vivado/multiCPU/multiCPU.srcs/constrs_1/new/multiCPU.xdc]
Finished Parsing XDC File [G:/Vivado/multiCPU/multiCPU.srcs/constrs_1/new/multiCPU.xdc]
INFO: [Opt 31-138] Pushed 0 inverter(s) to 0 load pin(s).
INFO: [Project 1-111] Unisim Transformation Summary:
No Unisim elements were transformed.

link_design: Time (s): cpu = 00:00:06 ; elapsed = 00:00:08 . Memory (MB): peak = 448.273 ; gain = 236.359
Command: opt_design
Attempting to get a license for feature 'Implementation' and/or device 'xc7a35t'
INFO: [Common 17-349] Got license for feature 'Implementation' and/or device 'xc7a35t'
Running DRC as a precondition to command opt_design

Starting DRC Task
INFO: [DRC 23-27] Running DRC with 2 threads
INFO: [Project 1-461] DRC finished with 0 Errors
INFO: [Project 1-462] Please refer to the DRC report (report_drc) for more information.

Time (s): cpu = 00:00:00 ; elapsed = 00:00:00.430 . Memory (MB): peak = 453.102 ; gain = 4.828
INFO: [Timing 38-35] Done setting XDC timing constraints.

Starting Logic Optimization Task
Implement Debug Cores | Checksum: 13f7b6e89

Phase 1 Retarget
INFO: [Opt 31-138] Pushed 0 inverter(s) to 0 load pin(s).
INFO: [Opt 31-49] Retargeted 0 cell(s).
Phase 1 Retarget | Checksum: 2054da5a6

Time (s): cpu = 00:00:00 ; elapsed = 00:00:00.415 . Memory (MB): peak = 928.738 ; gain = 0.000

Phase 2 Constant Propagation
INFO: [Opt 31-138] Pushed 0 inverter(s) to 0 load pin(s).
INFO: [Opt 31-10] Eliminated 0 cells.
Phase 2 Constant Propagation | Checksum: 2054da5a6

Time (s): cpu = 00:00:00 ; elapsed = 00:00:00.550 . Memory (MB): peak = 928.738 ; gain = 0.000

Phase 3 Sweep
INFO: [Opt 31-12] Eliminated 56 unconnected nets.
INFO: [Opt 31-11] Eliminated 0 unconnected cells.
Phase 3 Sweep | Checksum: 24ab9cd02

Time (s): cpu = 00:00:00 ; elapsed = 00:00:00.644 . Memory (MB): peak = 928.738 ; gain = 0.000

Starting Connectivity Check Task

Time (s): cpu = 00:00:00 ; elapsed = 00:00:00.001 . Memory (MB): peak = 928.738 ; gain = 0.000
Ending Logic Optimization Task | Checksum: 24ab9cd02

Time (s): cpu = 00:00:00 ; elapsed = 00:00:00.683 . Memory (MB): peak = 928.738 ; gain = 0.000

Starting Power Optimization Task
INFO: [Pwropt 34-132] Skipping clock gating for clocks with a period < 2.00 ns.
Ending Power Optimization Task | Checksum: 24ab9cd02

Time (s): cpu = 00:00:00 ; elapsed = 00:00:00.080 . Memory (MB): peak = 928.738 ; gain = 0.000
INFO: [Common 17-83] Releasing license: Implementation
20 Infos, 0 Warnings, 0 Critical Warnings and 0 Errors encountered.
opt_design completed successfully
opt_design: Time (s): cpu = 00:00:21 ; elapsed = 00:00:28 . Memory (MB): peak = 928.738 ; gain = 480.465
Writing placer database...
Writing XDEF routing.
Writing XDEF routing logical nets.
Writing XDEF routing special nets.
Write XDEF Complete: Time (s): cpu = 00:00:00 ; elapsed = 00:00:00.185 . Memory (MB): peak = 928.738 ; gain = 0.000
INFO: [DRC 23-27] Running DRC with 2 threads
INFO: [Coretcl 2-168] The results of DRC are in file G:/Vivado/multiCPU/multiCPU.runs/impl_1/multiCPU_drc_opted.rpt.
INFO: [Vivado_Tcl 4-424] Cannot write hardware definition file as there are no IPI block design hardware handoff files present
Command: place_design
Attempting to get a license for feature 'Implementation' and/or device 'xc7a35t'
INFO: [Common 17-349] Got license for feature 'Implementation' and/or device 'xc7a35t'
INFO: [DRC 23-27] Running DRC with 2 threads
INFO: [Vivado_Tcl 4-198] DRC finished with 0 Errors
INFO: [Vivado_Tcl 4-199] Please refer to the DRC report (report_drc) for more information.
Running DRC as a precondition to command place_design
INFO: [DRC 23-27] Running DRC with 2 threads
INFO: [Vivado_Tcl 4-198] DRC finished with 0 Errors
INFO: [Vivado_Tcl 4-199] Please refer to the DRC report (report_drc) for more information.

Starting Placer Task
INFO: [Place 30-611] Multithreading enabled for place_design using a maximum of 2 CPUs

Phase 1 Placer Initialization
Netlist sorting complete. Time (s): cpu = 00:00:00 ; elapsed = 00:00:00.002 . Memory (MB): peak = 928.738 ; gain = 0.000
Netlist sorting complete. Time (s): cpu = 00:00:00 ; elapsed = 00:00:00.001 . Memory (MB): peak = 928.738 ; gain = 0.000

Phase 1.1 IO Placement/ Clock Placement/ Build Placer Device

Phase 1.1.1 Pre-Place Cells
Phase 1.1.1 Pre-Place Cells | Checksum: c783da27

Time (s): cpu = 00:00:00 ; elapsed = 00:00:00.232 . Memory (MB): peak = 928.738 ; gain = 0.000
INFO: [Timing 38-35] Done setting XDC timing constraints.

Phase 1.1.2 IO and Clk Clean Up
Phase 1.1.2 IO and Clk Clean Up | Checksum: c783da27

Time (s): cpu = 00:00:02 ; elapsed = 00:00:03 . Memory (MB): peak = 936.430 ; gain = 7.691

Phase 1.1.3 Implementation Feasibility check On IDelay
Phase 1.1.3 Implementation Feasibility check On IDelay | Checksum: c783da27

Time (s): cpu = 00:00:02 ; elapsed = 00:00:03 . Memory (MB): peak = 936.430 ; gain = 7.691

Phase 1.1.4 Commit IO Placement
Phase 1.1.4 Commit IO Placement | Checksum: cc4b65e0

Time (s): cpu = 00:00:02 ; elapsed = 00:00:03 . Memory (MB): peak = 936.430 ; gain = 7.691
Phase 1.1 IO Placement/ Clock Placement/ Build Placer Device | Checksum: 104fe50ff

Time (s): cpu = 00:00:02 ; elapsed = 00:00:03 . Memory (MB): peak = 936.430 ; gain = 7.691

Phase 1.2 Build Placer Netlist Model

Phase 1.2.1 Place Init Design
Phase 1.2.1 Place Init Design | Checksum: 13834bd4d

Time (s): cpu = 00:00:02 ; elapsed = 00:00:03 . Memory (MB): peak = 936.430 ; gain = 7.691
Phase 1.2 Build Placer Netlist Model | Checksum: 13834bd4d

Time (s): cpu = 00:00:02 ; elapsed = 00:00:03 . Memory (MB): peak = 936.430 ; gain = 7.691

Phase 1.3 Constrain Clocks/Macros

Phase 1.3.1 Constrain Global/Regional Clocks
Phase 1.3.1 Constrain Global/Regional Clocks | Checksum: 13834bd4d

Time (s): cpu = 00:00:02 ; elapsed = 00:00:03 . Memory (MB): peak = 936.430 ; gain = 7.691
Phase 1.3 Constrain Clocks/Macros | Checksum: 13834bd4d

Time (s): cpu = 00:00:02 ; elapsed = 00:00:03 . Memory (MB): peak = 936.430 ; gain = 7.691
Phase 1 Placer Initialization | Checksum: 13834bd4d

Time (s): cpu = 00:00:02 ; elapsed = 00:00:03 . Memory (MB): peak = 936.430 ; gain = 7.691

Phase 2 Global Placement
Phase 2 Global Placement | Checksum: 1d394b43e

Time (s): cpu = 00:00:02 ; elapsed = 00:00:04 . Memory (MB): peak = 936.430 ; gain = 7.691

Phase 3 Detail Placement

Phase 3.1 Commit Multi Column Macros
Phase 3.1 Commit Multi Column Macros | Checksum: 1d394b43e

Time (s): cpu = 00:00:02 ; elapsed = 00:00:04 . Memory (MB): peak = 936.430 ; gain = 7.691

Phase 3.2 Commit Most Macros & LUTRAMs
Phase 3.2 Commit Most Macros & LUTRAMs | Checksum: f93fb8ac

Time (s): cpu = 00:00:02 ; elapsed = 00:00:04 . Memory (MB): peak = 936.430 ; gain = 7.691

Phase 3.3 Area Swap Optimization
Phase 3.3 Area Swap Optimization | Checksum: e39ca693

Time (s): cpu = 00:00:02 ; elapsed = 00:00:04 . Memory (MB): peak = 936.430 ; gain = 7.691

Phase 3.4 Small Shape Detail Placement

Phase 3.4.1 Commit Small Macros and Core Logic

Phase 3.4.1.1 Commit Slice Clusters
Phase 3.4.1.1 Commit Slice Clusters | Checksum: fd39311f

Time (s): cpu = 00:00:03 ; elapsed = 00:00:04 . Memory (MB): peak = 936.430 ; gain = 7.691
Phase 3.4.1 Commit Small Macros and Core Logic | Checksum: fd39311f

Time (s): cpu = 00:00:03 ; elapsed = 00:00:04 . Memory (MB): peak = 936.430 ; gain = 7.691

Phase 3.4.2 Clock Restriction Legalization for Leaf Columns
Phase 3.4.2 Clock Restriction Legalization for Leaf Columns | Checksum: fd39311f

Time (s): cpu = 00:00:03 ; elapsed = 00:00:04 . Memory (MB): peak = 936.430 ; gain = 7.691

Phase 3.4.3 Clock Restriction Legalization for Non-Clock Pins
Phase 3.4.3 Clock Restriction Legalization for Non-Clock Pins | Checksum: fd39311f

Time (s): cpu = 00:00:03 ; elapsed = 00:00:04 . Memory (MB): peak = 936.430 ; gain = 7.691
Phase 3.4 Small Shape Detail Placement | Checksum: fd39311f

Time (s): cpu = 00:00:03 ; elapsed = 00:00:04 . Memory (MB): peak = 936.430 ; gain = 7.691

Phase 3.5 Re-assign LUT pins
Phase 3.5 Re-assign LUT pins | Checksum: fd39311f

Time (s): cpu = 00:00:03 ; elapsed = 00:00:04 . Memory (MB): peak = 936.430 ; gain = 7.691
Phase 3 Detail Placement | Checksum: fd39311f

Time (s): cpu = 00:00:03 ; elapsed = 00:00:04 . Memory (MB): peak = 936.430 ; gain = 7.691

Phase 4 Post Placement Optimization and Clean-Up

Phase 4.1 Post Commit Optimization
Phase 4.1 Post Commit Optimization | Checksum: fd39311f

Time (s): cpu = 00:00:03 ; elapsed = 00:00:04 . Memory (MB): peak = 936.430 ; gain = 7.691

Phase 4.2 Sweep Clock Roots: Post-Placement
Phase 4.2 Sweep Clock Roots: Post-Placement | Checksum: fd39311f

Time (s): cpu = 00:00:03 ; elapsed = 00:00:04 . Memory (MB): peak = 936.430 ; gain = 7.691

Phase 4.3 Post Placement Cleanup
Phase 4.3 Post Placement Cleanup | Checksum: fd39311f

Time (s): cpu = 00:00:03 ; elapsed = 00:00:04 . Memory (MB): peak = 936.430 ; gain = 7.691

Phase 4.4 Placer Reporting
Phase 4.4 Placer Reporting | Checksum: fd39311f

Time (s): cpu = 00:00:03 ; elapsed = 00:00:04 . Memory (MB): peak = 936.430 ; gain = 7.691

Phase 4.5 Final Placement Cleanup
Phase 4.5 Final Placement Cleanup | Checksum: 1c176b27b

Time (s): cpu = 00:00:03 ; elapsed = 00:00:04 . Memory (MB): peak = 936.430 ; gain = 7.691
Phase 4 Post Placement Optimization and Clean-Up | Checksum: 1c176b27b

Time (s): cpu = 00:00:03 ; elapsed = 00:00:04 . Memory (MB): peak = 936.430 ; gain = 7.691
Ending Placer Task | Checksum: 1aeb21154

Time (s): cpu = 00:00:03 ; elapsed = 00:00:04 . Memory (MB): peak = 936.430 ; gain = 7.691
INFO: [Common 17-83] Releasing license: Implementation
33 Infos, 0 Warnings, 0 Critical Warnings and 0 Errors encountered.
place_design completed successfully
place_design: Time (s): cpu = 00:00:04 ; elapsed = 00:00:05 . Memory (MB): peak = 936.430 ; gain = 7.691
Writing placer database...
Writing XDEF routing.
Writing XDEF routing logical nets.
Writing XDEF routing special nets.
Write XDEF Complete: Time (s): cpu = 00:00:00 ; elapsed = 00:00:00.093 . Memory (MB): peak = 936.430 ; gain = 0.000
report_io: Time (s): cpu = 00:00:00 ; elapsed = 00:00:00.104 . Memory (MB): peak = 936.430 ; gain = 0.000
report_utilization: Time (s): cpu = 00:00:00 ; elapsed = 00:00:00.034 . Memory (MB): peak = 936.430 ; gain = 0.000
report_control_sets: Time (s): cpu = 00:00:00 ; elapsed = 00:00:00.027 . Memory (MB): peak = 936.430 ; gain = 0.000
Command: route_design
Attempting to get a license for feature 'Implementation' and/or device 'xc7a35t'
INFO: [Common 17-349] Got license for feature 'Implementation' and/or device 'xc7a35t'
Running DRC as a precondition to command route_design
INFO: [DRC 23-27] Running DRC with 2 threads
INFO: [Vivado_Tcl 4-198] DRC finished with 0 Errors
INFO: [Vivado_Tcl 4-199] Please refer to the DRC report (report_drc) for more information.


Starting Routing Task
INFO: [Route 35-254] Multithreading enabled for route_design using a maximum of 2 CPUs
Checksum: PlaceDB: b1c1a4d9 ConstDB: 0 ShapeSum: fcf06c7b RouteDB: 0

Phase 1 Build RT Design
Phase 1 Build RT Design | Checksum: 400e5bd3

Time (s): cpu = 00:00:54 ; elapsed = 00:01:00 . Memory (MB): peak = 1020.230 ; gain = 83.801

Phase 2 Router Initialization
INFO: [Route 35-64] No timing constraints were detected. The router will operate in resource-optimization mode.

Phase 2.1 Pre Route Cleanup
Phase 2.1 Pre Route Cleanup | Checksum: 400e5bd3

Time (s): cpu = 00:00:54 ; elapsed = 00:01:00 . Memory (MB): peak = 1024.965 ; gain = 88.535
 Number of Nodes with overlaps = 0
Phase 2 Router Initialization | Checksum: 97ac6bf2

Time (s): cpu = 00:00:54 ; elapsed = 00:01:00 . Memory (MB): peak = 1031.223 ; gain = 94.793

Phase 3 Initial Routing
Phase 3 Initial Routing | Checksum: 4fa8cb3b

Time (s): cpu = 00:00:54 ; elapsed = 00:01:00 . Memory (MB): peak = 1031.223 ; gain = 94.793

Phase 4 Rip-up And Reroute

Phase 4.1 Global Iteration 0
 Number of Nodes with overlaps = 2
 Number of Nodes with overlaps = 0
Phase 4.1 Global Iteration 0 | Checksum: 1366f484f

Time (s): cpu = 00:00:54 ; elapsed = 00:01:00 . Memory (MB): peak = 1031.223 ; gain = 94.793
Phase 4 Rip-up And Reroute | Checksum: 1366f484f

Time (s): cpu = 00:00:54 ; elapsed = 00:01:00 . Memory (MB): peak = 1031.223 ; gain = 94.793

Phase 5 Delay and Skew Optimization
Phase 5 Delay and Skew Optimization | Checksum: 1366f484f

Time (s): cpu = 00:00:54 ; elapsed = 00:01:00 . Memory (MB): peak = 1031.223 ; gain = 94.793

Phase 6 Post Hold Fix
Phase 6 Post Hold Fix | Checksum: 1366f484f

Time (s): cpu = 00:00:54 ; elapsed = 00:01:00 . Memory (MB): peak = 1031.223 ; gain = 94.793

Phase 7 Route finalize

Router Utilization Summary
  Global Vertical Routing Utilization    = 0.0164235 %
  Global Horizontal Routing Utilization  = 0.0219938 %
  Routable Net Status*
  *Does not include unroutable nets such as driverless and loadless.
  Run report_route_status for detailed report.
  Number of Failed Nets               = 0
  Number of Unrouted Nets             = 0
  Number of Partially Routed Nets     = 0
  Number of Node Overlaps             = 0

Congestion Report
North Dir 1x1 Area, Max Cong = 10.8108%, No Congested Regions.
South Dir 1x1 Area, Max Cong = 7.20721%, No Congested Regions.
East Dir 1x1 Area, Max Cong = 16.1765%, No Congested Regions.
West Dir 1x1 Area, Max Cong = 4.41176%, No Congested Regions.
Phase 7 Route finalize | Checksum: 1366f484f

Time (s): cpu = 00:00:54 ; elapsed = 00:01:00 . Memory (MB): peak = 1031.223 ; gain = 94.793

Phase 8 Verifying routed nets

 Verification completed successfully
Phase 8 Verifying routed nets | Checksum: 1366f484f

Time (s): cpu = 00:00:54 ; elapsed = 00:01:00 . Memory (MB): peak = 1031.223 ; gain = 94.793

Phase 9 Depositing Routes
Phase 9 Depositing Routes | Checksum: cd44afce

Time (s): cpu = 00:00:54 ; elapsed = 00:01:01 . Memory (MB): peak = 1031.223 ; gain = 94.793
INFO: [Route 35-16] Router Completed Successfully

Time (s): cpu = 00:00:54 ; elapsed = 00:01:01 . Memory (MB): peak = 1031.223 ; gain = 94.793

Routing Is Done.
INFO: [Common 17-83] Releasing license: Implementation
41 Infos, 0 Warnings, 0 Critical Warnings and 0 Errors encountered.
route_design completed successfully
route_design: Time (s): cpu = 00:00:55 ; elapsed = 00:01:02 . Memory (MB): peak = 1031.223 ; gain = 94.793
Writing placer database...
Writing XDEF routing.
Writing XDEF routing logical nets.
Writing XDEF routing special nets.
Write XDEF Complete: Time (s): cpu = 00:00:01 ; elapsed = 00:00:00.122 . Memory (MB): peak = 1031.223 ; gain = 0.000
INFO: [DRC 23-27] Running DRC with 2 threads
INFO: [Coretcl 2-168] The results of DRC are in file G:/Vivado/multiCPU/multiCPU.runs/impl_1/multiCPU_drc_routed.rpt.
INFO: [Timing 38-91] UpdateTimingParams: Speed grade: -1, Delay Type: min_max.
INFO: [Timing 38-191] Multithreading enabled for timing update using a maximum of 2 CPUs
WARNING: [Timing 38-313] There are no user specified timing constraints. Timing constraints are needed for proper timing analysis.
WARNING: [Power 33-232] No user defined clocks were found in the design!
Resolution: Please specify clocks using create_clock/create_generated_clock for sequential elements. For pure combinatorial circuits, please specify a virtual clock, otherwise the vectorless estimation might be inaccurate
Running Vector-less Activity Propagation...

Finished Running Vector-less Activity Propagation
INFO: [Common 17-206] Exiting Vivado at Tue Jul 24 15:47:56 2018...

*** Running vivado
    with args -log multiCPU.vdi -applog -m64 -messageDb vivado.pb -mode batch -source multiCPU.tcl -notrace


****** Vivado v2015.4 (64-bit)
  **** SW Build 1412921 on Wed Nov 18 09:43:45 MST 2015
  **** IP Build 1412160 on Tue Nov 17 13:47:24 MST 2015
    ** Copyright 1986-2015 Xilinx, Inc. All Rights Reserved.

source multiCPU.tcl -notrace
Command: open_checkpoint multiCPU_routed.dcp
INFO: [Netlist 29-17] Analyzing 26 Unisim elements for replacement
INFO: [Netlist 29-28] Unisim Transformation completed in 0 CPU seconds
INFO: [Project 1-479] Netlist was created with Vivado 2015.4
INFO: [Device 21-403] Loading part xc7a35tcpg236-1
INFO: [Project 1-570] Preparing netlist for logic optimization
Parsing XDC File [G:/Vivado/multiCPU/multiCPU.runs/impl_1/.Xil/Vivado-16868-/dcp/multiCPU.xdc]
Finished Parsing XDC File [G:/Vivado/multiCPU/multiCPU.runs/impl_1/.Xil/Vivado-16868-/dcp/multiCPU.xdc]
Reading XDEF placement.
Reading placer database...
Reading XDEF routing.
Read XDEF File: Time (s): cpu = 00:00:00 ; elapsed = 00:00:00.112 . Memory (MB): peak = 448.609 ; gain = 0.000
Restored from archive | CPU: 0.000000 secs | Memory: 0.000000 MB |
Finished XDEF File Restore: Time (s): cpu = 00:00:00 ; elapsed = 00:00:00.113 . Memory (MB): peak = 448.609 ; gain = 0.000
INFO: [Project 1-111] Unisim Transformation Summary:
No Unisim elements were transformed.

INFO: [Project 1-604] Checkpoint was created with Vivado v2015.4 (64-bit) build 1412921
open_checkpoint: Time (s): cpu = 00:00:07 ; elapsed = 00:00:08 . Memory (MB): peak = 448.609 ; gain = 260.391
Attempting to get a license for feature 'Implementation' and/or device 'xc7a35t'
INFO: [Common 17-349] Got license for feature 'Implementation' and/or device 'xc7a35t'
Running DRC as a precondition to command write_bitstream
INFO: [DRC 23-27] Running DRC with 2 threads
WARNING: [DRC 23-20] Rule violation (CFGBVS-1) Missing CFGBVS and CONFIG_VOLTAGE Design Properties - Neither the CFGBVS nor CONFIG_VOLTAGE voltage property is set in the current_design.  Configuration bank voltage select (CFGBVS) must be set to VCCO or GND, and CONFIG_VOLTAGE must be set to the correct configuration voltage, in order to determine the I/O voltage support for the pins in bank 0.  It is suggested to specify these either using the 'Edit Device Properties' function in the GUI or directly in the XDC file using the following syntax:

 set_property CFGBVS value1 [current_design]
 #where value1 is either VCCO or GND

 set_property CONFIG_VOLTAGE value2 [current_design]
 #where value2 is the voltage provided to configuration bank 0

Refer to the device configuration user guide for more information.
INFO: [Vivado 12-3199] DRC finished with 0 Errors, 1 Warnings
INFO: [Vivado 12-3200] Please refer to the DRC report (report_drc) for more information.
Loading data files...
Loading site data...
Loading route data...
Processing options...
Creating bitmap...
Creating bitstream...
Writing bitstream ./multiCPU.bit...
Writing bitstream ./multiCPU.bin...
INFO: [Vivado 12-1842] Bitgen Completed Successfully.
INFO: [Common 17-83] Releasing license: Implementation
write_bitstream: Time (s): cpu = 00:00:33 ; elapsed = 00:00:38 . Memory (MB): peak = 786.484 ; gain = 337.875
INFO: [Vivado_Tcl 4-395] Unable to parse hwdef file multiCPU.hwdef
INFO: [Common 17-206] Exiting Vivado at Tue Jul 24 15:50:45 2018...
